<?xml version="1.0" encoding="UTF-8"?>
<!-- Generated by org.testng.reporters.JUnitXMLReporter -->
<testsuite ignored="0" hostname="DESKTOP-8SF9304" failures="1" tests="1" name="LoginTests" time="21.712" errors="0" timestamp="2025-06-27T04:44:07 PDT">
  <testcase classname="tests.LoginTest" name="testValidLogin" time="12.779">
    <failure type="java.lang.AssertionError" message="expected [Just a moment...] but found [Dashboard / nopCommerce administration]">
      <![CDATA[java.lang.AssertionError: expected [Just a moment...] but found [Dashboard / nopCommerce administration]
at tests.LoginTest.testValidLogin(LoginTest.java:23)
at java.base/java.util.ArrayList.forEach(ArrayList.java:1596)
... Removed 31 stack frames]]>
    </failure>
  </testcase> <!-- testValidLogin -->
</testsuite> <!-- LoginTests -->
